{"uid":"cf5448749f1b35eb","name":"test_actions","fullName":"charm.tests.integration.test_charm#test_actions","historyId":"f6918483a4da20f3e6d496e1ccc8afd8","time":{"start":1766243799442,"stop":1766243801468,"duration":2026},"description":"\n    arrange: deploy the httprequest-lego-provider charm and related it to the postgresql-k8s charm.\n    act: run charm actions on the httprequest-lego-provider charm.\n    assert: httprequest-lego-provider should response to the action correctly.\n    ","descriptionHtml":"<pre><code>arrange: deploy the httprequest-lego-provider charm and related it to the postgresql-k8s charm.\nact: run charm actions on the httprequest-lego-provider charm.\nassert: httprequest-lego-provider should response to the action correctly.\n</code></pre>\n","status":"failed","statusMessage":"AssertionError: assert 'result' in {'return-code': 0, 'stderr': 'Missing charm library, please run `charmcraft fetch-lib charms.squid_forward_proxy.v0.http_proxy`\\n'}","statusTrace":"Traceback (most recent call last):\n  File \"/home/runner/work/httprequest-lego-provider/httprequest-lego-provider/.tox/integration/lib/python3.12/site-packages/_pytest/runner.py\", line 353, in from_call\n    result: TResult | None = func()\n                             ^^^^^^\n  File \"/home/runner/work/httprequest-lego-provider/httprequest-lego-provider/.tox/integration/lib/python3.12/site-packages/_pytest/runner.py\", line 245, in <lambda>\n    lambda: runtest_hook(item=item, **kwds),\n            ^^^^^^^^^^^^^^^^^^^^^^^^^^^^^^^\n  File \"/home/runner/work/httprequest-lego-provider/httprequest-lego-provider/.tox/integration/lib/python3.12/site-packages/pluggy/_hooks.py\", line 512, in __call__\n    return self._hookexec(self.name, self._hookimpls.copy(), kwargs, firstresult)\n           ^^^^^^^^^^^^^^^^^^^^^^^^^^^^^^^^^^^^^^^^^^^^^^^^^^^^^^^^^^^^^^^^^^^^^^\n  File \"/home/runner/work/httprequest-lego-provider/httprequest-lego-provider/.tox/integration/lib/python3.12/site-packages/pluggy/_manager.py\", line 120, in _hookexec\n    return self._inner_hookexec(hook_name, methods, kwargs, firstresult)\n           ^^^^^^^^^^^^^^^^^^^^^^^^^^^^^^^^^^^^^^^^^^^^^^^^^^^^^^^^^^^^^\n  File \"/home/runner/work/httprequest-lego-provider/httprequest-lego-provider/.tox/integration/lib/python3.12/site-packages/pluggy/_callers.py\", line 167, in _multicall\n    raise exception\n  File \"/home/runner/work/httprequest-lego-provider/httprequest-lego-provider/.tox/integration/lib/python3.12/site-packages/pluggy/_callers.py\", line 139, in _multicall\n    teardown.throw(exception)\n  File \"/home/runner/work/httprequest-lego-provider/httprequest-lego-provider/.tox/integration/lib/python3.12/site-packages/_pytest/logging.py\", line 850, in pytest_runtest_call\n    yield\n  File \"/home/runner/work/httprequest-lego-provider/httprequest-lego-provider/.tox/integration/lib/python3.12/site-packages/pluggy/_callers.py\", line 139, in _multicall\n    teardown.throw(exception)\n  File \"/home/runner/work/httprequest-lego-provider/httprequest-lego-provider/.tox/integration/lib/python3.12/site-packages/pluggy/_callers.py\", line 53, in run_old_style_hookwrapper\n    return result.get_result()\n           ^^^^^^^^^^^^^^^^^^^\n  File \"/home/runner/work/httprequest-lego-provider/httprequest-lego-provider/.tox/integration/lib/python3.12/site-packages/pluggy/_result.py\", line 103, in get_result\n    raise exc.with_traceback(tb)\n  File \"/home/runner/work/httprequest-lego-provider/httprequest-lego-provider/.tox/integration/lib/python3.12/site-packages/pluggy/_callers.py\", line 38, in run_old_style_hookwrapper\n    res = yield\n          ^^^^^\n  File \"/home/runner/work/httprequest-lego-provider/httprequest-lego-provider/.tox/integration/lib/python3.12/site-packages/pluggy/_callers.py\", line 139, in _multicall\n    teardown.throw(exception)\n  File \"/home/runner/work/httprequest-lego-provider/httprequest-lego-provider/.tox/integration/lib/python3.12/site-packages/_pytest/capture.py\", line 900, in pytest_runtest_call\n    return (yield)\n            ^^^^^\n  File \"/home/runner/work/httprequest-lego-provider/httprequest-lego-provider/.tox/integration/lib/python3.12/site-packages/pluggy/_callers.py\", line 139, in _multicall\n    teardown.throw(exception)\n  File \"/home/runner/work/httprequest-lego-provider/httprequest-lego-provider/.tox/integration/lib/python3.12/site-packages/_pytest/skipping.py\", line 268, in pytest_runtest_call\n    return (yield)\n            ^^^^^\n  File \"/home/runner/work/httprequest-lego-provider/httprequest-lego-provider/.tox/integration/lib/python3.12/site-packages/pluggy/_callers.py\", line 121, in _multicall\n    res = hook_impl.function(*args)\n          ^^^^^^^^^^^^^^^^^^^^^^^^^\n  File \"/home/runner/work/httprequest-lego-provider/httprequest-lego-provider/.tox/integration/lib/python3.12/site-packages/_pytest/runner.py\", line 179, in pytest_runtest_call\n    item.runtest()\n  File \"/home/runner/work/httprequest-lego-provider/httprequest-lego-provider/.tox/integration/lib/python3.12/site-packages/_pytest/python.py\", line 1720, in runtest\n    self.ihook.pytest_pyfunc_call(pyfuncitem=self)\n  File \"/home/runner/work/httprequest-lego-provider/httprequest-lego-provider/.tox/integration/lib/python3.12/site-packages/pluggy/_hooks.py\", line 512, in __call__\n    return self._hookexec(self.name, self._hookimpls.copy(), kwargs, firstresult)\n           ^^^^^^^^^^^^^^^^^^^^^^^^^^^^^^^^^^^^^^^^^^^^^^^^^^^^^^^^^^^^^^^^^^^^^^\n  File \"/home/runner/work/httprequest-lego-provider/httprequest-lego-provider/.tox/integration/lib/python3.12/site-packages/pluggy/_manager.py\", line 120, in _hookexec\n    return self._inner_hookexec(hook_name, methods, kwargs, firstresult)\n           ^^^^^^^^^^^^^^^^^^^^^^^^^^^^^^^^^^^^^^^^^^^^^^^^^^^^^^^^^^^^^\n  File \"/home/runner/work/httprequest-lego-provider/httprequest-lego-provider/.tox/integration/lib/python3.12/site-packages/pluggy/_callers.py\", line 167, in _multicall\n    raise exception\n  File \"/home/runner/work/httprequest-lego-provider/httprequest-lego-provider/.tox/integration/lib/python3.12/site-packages/pluggy/_callers.py\", line 139, in _multicall\n    teardown.throw(exception)\n  File \"/home/runner/work/httprequest-lego-provider/httprequest-lego-provider/.tox/integration/lib/python3.12/site-packages/pluggy/_callers.py\", line 53, in run_old_style_hookwrapper\n    return result.get_result()\n           ^^^^^^^^^^^^^^^^^^^\n  File \"/home/runner/work/httprequest-lego-provider/httprequest-lego-provider/.tox/integration/lib/python3.12/site-packages/pluggy/_result.py\", line 103, in get_result\n    raise exc.with_traceback(tb)\n  File \"/home/runner/work/httprequest-lego-provider/httprequest-lego-provider/.tox/integration/lib/python3.12/site-packages/pluggy/_callers.py\", line 38, in run_old_style_hookwrapper\n    res = yield\n          ^^^^^\n  File \"/home/runner/work/httprequest-lego-provider/httprequest-lego-provider/.tox/integration/lib/python3.12/site-packages/pluggy/_callers.py\", line 121, in _multicall\n    res = hook_impl.function(*args)\n          ^^^^^^^^^^^^^^^^^^^^^^^^^\n  File \"/home/runner/work/httprequest-lego-provider/httprequest-lego-provider/.tox/integration/lib/python3.12/site-packages/_pytest/python.py\", line 166, in pytest_pyfunc_call\n    result = testfunction(**testargs)\n             ^^^^^^^^^^^^^^^^^^^^^^^^\n  File \"/home/runner/work/httprequest-lego-provider/httprequest-lego-provider/.tox/integration/lib/python3.12/site-packages/pytest_asyncio/plugin.py\", line 529, in inner\n    _loop.run_until_complete(task)\n  File \"/usr/lib/python3.12/asyncio/base_events.py\", line 687, in run_until_complete\n    return future.result()\n           ^^^^^^^^^^^^^^^\n  File \"/home/runner/work/httprequest-lego-provider/httprequest-lego-provider/charm/tests/integration/test_charm.py\", line 70, in test_actions\n    assert \"result\" in result\nAssertionError: assert 'result' in {'return-code': 0, 'stderr': 'Missing charm library, please run `charmcraft fetch-lib charms.squid_forward_proxy.v0.http_proxy`\\n'}","flaky":false,"newFailed":true,"newBroken":false,"newPassed":false,"retriesCount":1,"retriesStatusChange":true,"beforeStages":[{"name":"event_loop","time":{"start":1766243582164,"stop":1766243582165,"duration":1},"status":"passed","steps":[],"attachments":[],"parameters":[],"shouldDisplayMessage":false,"stepsCount":0,"attachmentsCount":0,"hasContent":false,"attachmentStep":false},{"name":"ops_test","time":{"start":1766243582165,"stop":1766243582413,"duration":248},"status":"passed","steps":[],"attachments":[],"parameters":[],"shouldDisplayMessage":false,"stepsCount":0,"attachmentsCount":0,"hasContent":false,"attachmentStep":false},{"name":"tmp_path_factory","time":{"start":1766243582165,"stop":1766243582165,"duration":0},"status":"passed","steps":[],"attachments":[],"parameters":[],"shouldDisplayMessage":false,"stepsCount":0,"attachmentsCount":0,"hasContent":false,"attachmentStep":false},{"name":"abort_on_fail","time":{"start":1766243799442,"stop":1766243799442,"duration":0},"status":"passed","steps":[],"attachments":[],"parameters":[],"shouldDisplayMessage":false,"stepsCount":0,"attachmentsCount":0,"hasContent":false,"attachmentStep":false},{"name":"run_action","time":{"start":1766243799442,"stop":1766243799442,"duration":0},"status":"passed","steps":[],"attachments":[],"parameters":[],"shouldDisplayMessage":false,"stepsCount":0,"attachmentsCount":0,"hasContent":false,"attachmentStep":false}],"testStage":{"description":"\n    arrange: deploy the httprequest-lego-provider charm and related it to the postgresql-k8s charm.\n    act: run charm actions on the httprequest-lego-provider charm.\n    assert: httprequest-lego-provider should response to the action correctly.\n    ","status":"failed","statusMessage":"AssertionError: assert 'result' in {'return-code': 0, 'stderr': 'Missing charm library, please run `charmcraft fetch-lib charms.squid_forward_proxy.v0.http_proxy`\\n'}","statusTrace":"Traceback (most recent call last):\n  File \"/home/runner/work/httprequest-lego-provider/httprequest-lego-provider/.tox/integration/lib/python3.12/site-packages/_pytest/runner.py\", line 353, in from_call\n    result: TResult | None = func()\n                             ^^^^^^\n  File \"/home/runner/work/httprequest-lego-provider/httprequest-lego-provider/.tox/integration/lib/python3.12/site-packages/_pytest/runner.py\", line 245, in <lambda>\n    lambda: runtest_hook(item=item, **kwds),\n            ^^^^^^^^^^^^^^^^^^^^^^^^^^^^^^^\n  File \"/home/runner/work/httprequest-lego-provider/httprequest-lego-provider/.tox/integration/lib/python3.12/site-packages/pluggy/_hooks.py\", line 512, in __call__\n    return self._hookexec(self.name, self._hookimpls.copy(), kwargs, firstresult)\n           ^^^^^^^^^^^^^^^^^^^^^^^^^^^^^^^^^^^^^^^^^^^^^^^^^^^^^^^^^^^^^^^^^^^^^^\n  File \"/home/runner/work/httprequest-lego-provider/httprequest-lego-provider/.tox/integration/lib/python3.12/site-packages/pluggy/_manager.py\", line 120, in _hookexec\n    return self._inner_hookexec(hook_name, methods, kwargs, firstresult)\n           ^^^^^^^^^^^^^^^^^^^^^^^^^^^^^^^^^^^^^^^^^^^^^^^^^^^^^^^^^^^^^\n  File \"/home/runner/work/httprequest-lego-provider/httprequest-lego-provider/.tox/integration/lib/python3.12/site-packages/pluggy/_callers.py\", line 167, in _multicall\n    raise exception\n  File \"/home/runner/work/httprequest-lego-provider/httprequest-lego-provider/.tox/integration/lib/python3.12/site-packages/pluggy/_callers.py\", line 139, in _multicall\n    teardown.throw(exception)\n  File \"/home/runner/work/httprequest-lego-provider/httprequest-lego-provider/.tox/integration/lib/python3.12/site-packages/_pytest/logging.py\", line 850, in pytest_runtest_call\n    yield\n  File \"/home/runner/work/httprequest-lego-provider/httprequest-lego-provider/.tox/integration/lib/python3.12/site-packages/pluggy/_callers.py\", line 139, in _multicall\n    teardown.throw(exception)\n  File \"/home/runner/work/httprequest-lego-provider/httprequest-lego-provider/.tox/integration/lib/python3.12/site-packages/pluggy/_callers.py\", line 53, in run_old_style_hookwrapper\n    return result.get_result()\n           ^^^^^^^^^^^^^^^^^^^\n  File \"/home/runner/work/httprequest-lego-provider/httprequest-lego-provider/.tox/integration/lib/python3.12/site-packages/pluggy/_result.py\", line 103, in get_result\n    raise exc.with_traceback(tb)\n  File \"/home/runner/work/httprequest-lego-provider/httprequest-lego-provider/.tox/integration/lib/python3.12/site-packages/pluggy/_callers.py\", line 38, in run_old_style_hookwrapper\n    res = yield\n          ^^^^^\n  File \"/home/runner/work/httprequest-lego-provider/httprequest-lego-provider/.tox/integration/lib/python3.12/site-packages/pluggy/_callers.py\", line 139, in _multicall\n    teardown.throw(exception)\n  File \"/home/runner/work/httprequest-lego-provider/httprequest-lego-provider/.tox/integration/lib/python3.12/site-packages/_pytest/capture.py\", line 900, in pytest_runtest_call\n    return (yield)\n            ^^^^^\n  File \"/home/runner/work/httprequest-lego-provider/httprequest-lego-provider/.tox/integration/lib/python3.12/site-packages/pluggy/_callers.py\", line 139, in _multicall\n    teardown.throw(exception)\n  File \"/home/runner/work/httprequest-lego-provider/httprequest-lego-provider/.tox/integration/lib/python3.12/site-packages/_pytest/skipping.py\", line 268, in pytest_runtest_call\n    return (yield)\n            ^^^^^\n  File \"/home/runner/work/httprequest-lego-provider/httprequest-lego-provider/.tox/integration/lib/python3.12/site-packages/pluggy/_callers.py\", line 121, in _multicall\n    res = hook_impl.function(*args)\n          ^^^^^^^^^^^^^^^^^^^^^^^^^\n  File \"/home/runner/work/httprequest-lego-provider/httprequest-lego-provider/.tox/integration/lib/python3.12/site-packages/_pytest/runner.py\", line 179, in pytest_runtest_call\n    item.runtest()\n  File \"/home/runner/work/httprequest-lego-provider/httprequest-lego-provider/.tox/integration/lib/python3.12/site-packages/_pytest/python.py\", line 1720, in runtest\n    self.ihook.pytest_pyfunc_call(pyfuncitem=self)\n  File \"/home/runner/work/httprequest-lego-provider/httprequest-lego-provider/.tox/integration/lib/python3.12/site-packages/pluggy/_hooks.py\", line 512, in __call__\n    return self._hookexec(self.name, self._hookimpls.copy(), kwargs, firstresult)\n           ^^^^^^^^^^^^^^^^^^^^^^^^^^^^^^^^^^^^^^^^^^^^^^^^^^^^^^^^^^^^^^^^^^^^^^\n  File \"/home/runner/work/httprequest-lego-provider/httprequest-lego-provider/.tox/integration/lib/python3.12/site-packages/pluggy/_manager.py\", line 120, in _hookexec\n    return self._inner_hookexec(hook_name, methods, kwargs, firstresult)\n           ^^^^^^^^^^^^^^^^^^^^^^^^^^^^^^^^^^^^^^^^^^^^^^^^^^^^^^^^^^^^^\n  File \"/home/runner/work/httprequest-lego-provider/httprequest-lego-provider/.tox/integration/lib/python3.12/site-packages/pluggy/_callers.py\", line 167, in _multicall\n    raise exception\n  File \"/home/runner/work/httprequest-lego-provider/httprequest-lego-provider/.tox/integration/lib/python3.12/site-packages/pluggy/_callers.py\", line 139, in _multicall\n    teardown.throw(exception)\n  File \"/home/runner/work/httprequest-lego-provider/httprequest-lego-provider/.tox/integration/lib/python3.12/site-packages/pluggy/_callers.py\", line 53, in run_old_style_hookwrapper\n    return result.get_result()\n           ^^^^^^^^^^^^^^^^^^^\n  File \"/home/runner/work/httprequest-lego-provider/httprequest-lego-provider/.tox/integration/lib/python3.12/site-packages/pluggy/_result.py\", line 103, in get_result\n    raise exc.with_traceback(tb)\n  File \"/home/runner/work/httprequest-lego-provider/httprequest-lego-provider/.tox/integration/lib/python3.12/site-packages/pluggy/_callers.py\", line 38, in run_old_style_hookwrapper\n    res = yield\n          ^^^^^\n  File \"/home/runner/work/httprequest-lego-provider/httprequest-lego-provider/.tox/integration/lib/python3.12/site-packages/pluggy/_callers.py\", line 121, in _multicall\n    res = hook_impl.function(*args)\n          ^^^^^^^^^^^^^^^^^^^^^^^^^\n  File \"/home/runner/work/httprequest-lego-provider/httprequest-lego-provider/.tox/integration/lib/python3.12/site-packages/_pytest/python.py\", line 166, in pytest_pyfunc_call\n    result = testfunction(**testargs)\n             ^^^^^^^^^^^^^^^^^^^^^^^^\n  File \"/home/runner/work/httprequest-lego-provider/httprequest-lego-provider/.tox/integration/lib/python3.12/site-packages/pytest_asyncio/plugin.py\", line 529, in inner\n    _loop.run_until_complete(task)\n  File \"/usr/lib/python3.12/asyncio/base_events.py\", line 687, in run_until_complete\n    return future.result()\n           ^^^^^^^^^^^^^^^\n  File \"/home/runner/work/httprequest-lego-provider/httprequest-lego-provider/charm/tests/integration/test_charm.py\", line 70, in test_actions\n    assert \"result\" in result\nAssertionError: assert 'result' in {'return-code': 0, 'stderr': 'Missing charm library, please run `charmcraft fetch-lib charms.squid_forward_proxy.v0.http_proxy`\\n'}","steps":[],"attachments":[{"uid":"79723cb54237c309","name":"log","source":"79723cb54237c309.txt","type":"text/plain","size":986}],"parameters":[],"shouldDisplayMessage":true,"stepsCount":0,"attachmentsCount":1,"hasContent":true,"attachmentStep":false},"afterStages":[{"name":"abort_on_fail::0","time":{"start":1766243801552,"stop":1766243801553,"duration":1},"status":"passed","steps":[],"attachments":[],"parameters":[],"shouldDisplayMessage":false,"stepsCount":0,"attachmentsCount":0,"hasContent":false,"attachmentStep":false},{"name":"ops_test::finalizer","time":{"start":1766243801553,"stop":1766243801988,"duration":435},"status":"passed","steps":[],"attachments":[],"parameters":[],"shouldDisplayMessage":false,"stepsCount":0,"attachmentsCount":0,"hasContent":false,"attachmentStep":false},{"name":"event_loop::2","time":{"start":1766243801988,"stop":1766243801988,"duration":0},"status":"passed","steps":[],"attachments":[],"parameters":[],"shouldDisplayMessage":false,"stepsCount":0,"attachmentsCount":0,"hasContent":false,"attachmentStep":false},{"name":"event_loop::_close_event_loop","time":{"start":1766243801988,"stop":1766243801988,"duration":0},"status":"passed","steps":[],"attachments":[],"parameters":[],"shouldDisplayMessage":false,"stepsCount":0,"attachmentsCount":0,"hasContent":false,"attachmentStep":false},{"name":"event_loop::_provide_clean_event_loop","time":{"start":1766243801988,"stop":1766243801989,"duration":1},"status":"passed","steps":[],"attachments":[],"parameters":[],"shouldDisplayMessage":false,"stepsCount":0,"attachmentsCount":0,"hasContent":false,"attachmentStep":false}],"labels":[{"name":"tag","value":"asyncio"},{"name":"parentSuite","value":"charm.tests.integration"},{"name":"suite","value":"test_charm"},{"name":"host","value":"runnervmh13bl"},{"name":"thread","value":"34339-MainThread"},{"name":"framework","value":"pytest"},{"name":"language","value":"cpython3"},{"name":"package","value":"charm.tests.integration.test_charm"},{"name":"resultFormat","value":"allure2"}],"parameters":[],"links":[],"hidden":false,"retry":false,"extra":{"severity":"normal","retries":[{"uid":"c16a9246c88715db","status":"unknown","time":{}}],"categories":[{"name":"Product defects","matchedStatuses":[]}],"history":{"statistic":{"failed":1,"broken":0,"skipped":0,"passed":7,"unknown":0,"total":8},"items":[{"uid":"15efed548cf8e823","reportUrl":"../418//#testresult/15efed548cf8e823","status":"passed","time":{"start":1765639040618,"stop":1765639048747,"duration":8129}},{"uid":"7e91d79816725409","reportUrl":"../408//#testresult/7e91d79816725409","status":"passed","time":{"start":1765034249598,"stop":1765034257702,"duration":8104}},{"uid":"ca1cb0e0e560f9b","reportUrl":"../404//#testresult/ca1cb0e0e560f9b","status":"passed","time":{"start":1764429822552,"stop":1764429830661,"duration":8109}},{"uid":"e0d13dd88a5274","reportUrl":"../403//#testresult/e0d13dd88a5274","status":"passed","time":{"start":1763824922631,"stop":1763824930737,"duration":8106}},{"uid":"8b0a00eb2bdb02ab","reportUrl":"../397//#testresult/8b0a00eb2bdb02ab","status":"passed","time":{"start":1762388263681,"stop":1762388271792,"duration":8111}},{"uid":"99161a84b9e5ab03","reportUrl":"../396//#testresult/99161a84b9e5ab03","status":"passed","time":{"start":1762369501217,"stop":1762369509333,"duration":8116}},{"uid":"151484d3368c0ba1","reportUrl":"../395//#testresult/151484d3368c0ba1","status":"passed","time":{"start":1761200894296,"stop":1761200902414,"duration":8118}}]},"tags":["asyncio"]},"source":"cf5448749f1b35eb.json","parameterValues":[]}